Wed 03 May 2023 08:36:03 PM UTC: 
 sudoku.c | 8 ++++++++
 1 file changed, 8 insertions(+)
In file included from test.c:5:
sudoku.c: In function ‘get_adj_nodes’:
sudoku.c:56:25: error: comparison between pointer and integer [-Werror]
   56 |   if (n->sudo[fil][col] == "\0"){
      |                         ^~
sudoku.c:56:25: error: comparison with string literal results in unspecified behavior [-Werror=address]
sudoku.c:58:19: error: assignment to expression with array type
   58 |     inicial->sudo = n->sudo;
      |                   ^
sudoku.c:60:20: error: passing argument 2 of ‘pushBack’ makes pointer from integer without a cast [-Werror=int-conversion]
   60 |     pushBack(list, newMov);
      |                    ^~~~~~
      |                    |
      |                    char
In file included from test.c:4:
list.h:23:33: note: expected ‘void *’ but argument is of type ‘char’
   23 | void pushBack(List* list, void* data);
      |                           ~~~~~~^~~~
cc1: all warnings being treated as errors
Compilation failed
62b450d
Wed 03 May 2023 08:38:17 PM UTC: 
 sudoku.c | 5 +++++
 1 file changed, 5 insertions(+)
In file included from test.c:5:
sudoku.c: In function ‘get_adj_nodes’:
sudoku.c:58:29: error: comparison between pointer and integer [-Werror]
   58 |       if (n->sudo[fil][col] == "\0"){
      |                             ^~
sudoku.c:58:29: error: comparison with string literal results in unspecified behavior [-Werror=address]
sudoku.c:60:23: error: assignment to expression with array type
   60 |         inicial->sudo = n->sudo;
      |                       ^
sudoku.c:62:24: error: passing argument 2 of ‘pushBack’ makes pointer from integer without a cast [-Werror=int-conversion]
   62 |         pushBack(list, newMov);
      |                        ^~~~~~
      |                        |
      |                        char
In file included from test.c:4:
list.h:23:33: note: expected ‘void *’ but argument is of type ‘char’
   23 | void pushBack(List* list, void* data);
      |                           ~~~~~~^~~~
cc1: all warnings being treated as errors
Compilation failed
b0bd28d
Wed 03 May 2023 08:38:39 PM UTC: 
 sudoku.c | 2 +-
 1 file changed, 1 insertion(+), 1 deletion(-)
In file included from test.c:5:
sudoku.c: In function ‘get_adj_nodes’:
sudoku.c:58:29: error: comparison between pointer and integer [-Werror]
   58 |       if (n->sudo[fil][col] == "\0"){
      |                             ^~
sudoku.c:58:29: error: comparison with string literal results in unspecified behavior [-Werror=address]
sudoku.c:60:23: error: assignment to expression with array type
   60 |         inicial->sudo = n->sudo;
      |                       ^
sudoku.c:62:24: error: passing argument 2 of ‘pushBack’ makes pointer from integer without a cast [-Werror=int-conversion]
   62 |         pushBack(list, newMov);
      |                        ^~~~~~
      |                        |
      |                        int
In file included from test.c:4:
list.h:23:33: note: expected ‘void *’ but argument is of type ‘int’
   23 | void pushBack(List* list, void* data);
      |                           ~~~~~~^~~~
cc1: all warnings being treated as errors
Compilation failed
b1a2525
Wed 03 May 2023 08:39:56 PM UTC: 
 sudoku.c | 2 +-
 1 file changed, 1 insertion(+), 1 deletion(-)
In file included from test.c:5:
sudoku.c: In function ‘get_adj_nodes’:
sudoku.c:58:29: error: comparison between pointer and integer [-Werror]
   58 |       if (n->sudo[fil][col] == NULL){
      |                             ^~
sudoku.c:60:23: error: assignment to expression with array type
   60 |         inicial->sudo = n->sudo;
      |                       ^
sudoku.c:62:24: error: passing argument 2 of ‘pushBack’ makes pointer from integer without a cast [-Werror=int-conversion]
   62 |         pushBack(list, newMov);
      |                        ^~~~~~
      |                        |
      |                        int
In file included from test.c:4:
list.h:23:33: note: expected ‘void *’ but argument is of type ‘int’
   23 | void pushBack(List* list, void* data);
      |                           ~~~~~~^~~~
cc1: all warnings being treated as errors
Compilation failed
cfc45ea
Wed 03 May 2023 08:58:36 PM UTC: 
 sudoku.c | 2 +-
 1 file changed, 1 insertion(+), 1 deletion(-)
In file included from test.c:5:
sudoku.c: In function ‘get_adj_nodes’:
sudoku.c:60:23: error: assignment to expression with array type
   60 |         inicial->sudo = n->sudo;
      |                       ^
sudoku.c:62:24: error: passing argument 2 of ‘pushBack’ makes pointer from integer without a cast [-Werror=int-conversion]
   62 |         pushBack(list, newMov);
      |                        ^~~~~~
      |                        |
      |                        int
In file included from test.c:4:
list.h:23:33: note: expected ‘void *’ but argument is of type ‘int’
   23 | void pushBack(List* list, void* data);
      |                           ~~~~~~^~~~
cc1: all warnings being treated as errors
Compilation failed
81bd9ce
Wed 03 May 2023 08:59:52 PM UTC: 
 sudoku.c | 2 +-
 1 file changed, 1 insertion(+), 1 deletion(-)
In file included from test.c:5:
sudoku.c: In function ‘get_adj_nodes’:
sudoku.c:60:23: error: assignment to expression with array type
   60 |         inicial->sudo = n->sudo;
      |                       ^
sudoku.c:61:33: error: assignment to ‘int’ from ‘void *’ makes integer from pointer without a cast [-Werror=int-conversion]
   61 |         inicial->sudo[fil][col] = newMov;
      |                                 ^
cc1: all warnings being treated as errors
Compilation failed
3fc6fd0
Wed 03 May 2023 09:07:48 PM UTC: 
 sudoku.c | 36 +++++++++++++++++++++++++++---------
 1 file changed, 27 insertions(+), 9 deletions(-)
In file included from test.c:5:
sudoku.c: In function ‘get_adj_nodes’:
sudoku.c:54:10: error: expected ‘;’ before ‘int’
   54 |   int fil
      |          ^
      |          ;
   55 |   int col
      |   ~~~     
sudoku.c:55:10: error: expected ‘;’ before ‘int’
   55 |   int col
      |          ^
      |          ;
   56 |   int block_row = 3;
      |   ~~~     
sudoku.c:59:14: error: ‘col’ undeclared (first use in this function)
   59 |     if (i != col) {
      |              ^~~
sudoku.c:59:14: note: each undeclared identifier is reported only once for each function it appears in
sudoku.c:60:24: error: implicit declaration of function ‘get_node’ [-Werror=implicit-function-declaration]
   60 |       Node* adj_node = get_node(fil, i);
      |                        ^~~~~~~~
sudoku.c:60:33: error: ‘fil’ undeclared (first use in this function)
   60 |       Node* adj_node = get_node(fil, i);
      |                                 ^~~
sudoku.c:61:19: error: ‘Node’ has no member named ‘value’
   61 |       if (adj_node->value == 0) {
      |                   ^~
sudoku.c:62:9: error: implicit declaration of function ‘push_back’; did you mean ‘pushBack’? [-Werror=implicit-function-declaration]
   62 |         push_back(list, adj_node);
      |         ^~~~~~~~~
      |         pushBack
sudoku.c:69:19: error: ‘Node’ has no member named ‘value’
   69 |       if (adj_node->value == 0) {
      |                   ^~
sudoku.c:78:26: error: initialization of ‘Node *’ from ‘int’ makes pointer from integer without a cast [-Werror=int-conversion]
   78 |         Node* adj_node = get_node(i, j);
      |                          ^~~~~~~~
sudoku.c:79:21: error: ‘Node’ has no member named ‘value’
   79 |         if (adj_node->value == 0) {
      |                     ^~
cc1: all warnings being treated as errors
Compilation failed
8e972cd
Wed 03 May 2023 09:08:28 PM UTC: 
 sudoku.c | 4 ++--
 1 file changed, 2 insertions(+), 2 deletions(-)
In file included from test.c:5:
sudoku.c: In function ‘get_adj_nodes’:
sudoku.c:60:24: error: implicit declaration of function ‘get_node’ [-Werror=implicit-function-declaration]
   60 |       Node* adj_node = get_node(fil, i);
      |                        ^~~~~~~~
sudoku.c:60:24: error: initialization of ‘Node *’ from ‘int’ makes pointer from integer without a cast [-Werror=int-conversion]
sudoku.c:61:19: error: ‘Node’ has no member named ‘value’
   61 |       if (adj_node->value == 0) {
      |                   ^~
sudoku.c:62:9: error: implicit declaration of function ‘push_back’; did you mean ‘pushBack’? [-Werror=implicit-function-declaration]
   62 |         push_back(list, adj_node);
      |         ^~~~~~~~~
      |         pushBack
sudoku.c:68:24: error: initialization of ‘Node *’ from ‘int’ makes pointer from integer without a cast [-Werror=int-conversion]
   68 |       Node* adj_node = get_node(i, col);
      |                        ^~~~~~~~
sudoku.c:69:19: error: ‘Node’ has no member named ‘value’
   69 |       if (adj_node->value == 0) {
      |                   ^~
sudoku.c:78:26: error: initialization of ‘Node *’ from ‘int’ makes pointer from integer without a cast [-Werror=int-conversion]
   78 |         Node* adj_node = get_node(i, j);
      |                          ^~~~~~~~
sudoku.c:79:21: error: ‘Node’ has no member named ‘value’
   79 |         if (adj_node->value == 0) {
      |                     ^~
cc1: all warnings being treated as errors
Compilation failed
b3f248c
Wed 03 May 2023 09:19:03 PM UTC: 
 sudoku.c | 12 ++++++------
 1 file changed, 6 insertions(+), 6 deletions(-)
In file included from test.c:5:
sudoku.c: In function ‘get_adj_nodes’:
sudoku.c:60:24: error: implicit declaration of function ‘get_node’ [-Werror=implicit-function-declaration]
   60 |       Node* adj_node = get_node(fil, i);
      |                        ^~~~~~~~
sudoku.c:60:24: error: initialization of ‘Node *’ from ‘int’ makes pointer from integer without a cast [-Werror=int-conversion]
sudoku.c:61:22: error: expected identifier before ‘==’ token
   61 |       if (adj_node-> == 0) {
      |                      ^~
sudoku.c:68:24: error: initialization of ‘Node *’ from ‘int’ makes pointer from integer without a cast [-Werror=int-conversion]
   68 |       Node* adj_node = get_node(i, col);
      |                        ^~~~~~~~
sudoku.c:69:24: error: subscripted value is neither array nor pointer nor vector
   69 |       if (adj_node[fil][col] == 0) {
      |                        ^
sudoku.c:78:26: error: initialization of ‘Node *’ from ‘int’ makes pointer from integer without a cast [-Werror=int-conversion]
   78 |         Node* adj_node = get_node(i, j);
      |                          ^~~~~~~~
sudoku.c:79:26: error: subscripted value is neither array nor pointer nor vector
   79 |         if (adj_node[fil][col] == 0) {
      |                          ^
cc1: all warnings being treated as errors
Compilation failed
d4699ad
Wed 03 May 2023 09:19:16 PM UTC: 
 sudoku.c | 2 +-
 1 file changed, 1 insertion(+), 1 deletion(-)
In file included from test.c:5:
sudoku.c: In function ‘get_adj_nodes’:
sudoku.c:60:24: error: implicit declaration of function ‘get_node’ [-Werror=implicit-function-declaration]
   60 |       Node* adj_node = get_node(fil, i);
      |                        ^~~~~~~~
sudoku.c:60:24: error: initialization of ‘Node *’ from ‘int’ makes pointer from integer without a cast [-Werror=int-conversion]
sudoku.c:61:24: error: subscripted value is neither array nor pointer nor vector
   61 |       if (adj_node[fil][col] == 0) {
      |                        ^
sudoku.c:68:24: error: initialization of ‘Node *’ from ‘int’ makes pointer from integer without a cast [-Werror=int-conversion]
   68 |       Node* adj_node = get_node(i, col);
      |                        ^~~~~~~~
sudoku.c:69:24: error: subscripted value is neither array nor pointer nor vector
   69 |       if (adj_node[fil][col] == 0) {
      |                        ^
sudoku.c:78:26: error: initialization of ‘Node *’ from ‘int’ makes pointer from integer without a cast [-Werror=int-conversion]
   78 |         Node* adj_node = get_node(i, j);
      |                          ^~~~~~~~
sudoku.c:79:26: error: subscripted value is neither array nor pointer nor vector
   79 |         if (adj_node[fil][col] == 0) {
      |                          ^
cc1: all warnings being treated as errors
Compilation failed
1d78417
Wed 03 May 2023 09:19:55 PM UTC: 
 sudoku.c | 6 +++---
 1 file changed, 3 insertions(+), 3 deletions(-)
In file included from test.c:5:
sudoku.c: In function ‘get_adj_nodes’:
sudoku.c:60:24: error: implicit declaration of function ‘get_node’ [-Werror=implicit-function-declaration]
   60 |       Node* adj_node = get_node(fil, i);
      |                        ^~~~~~~~
sudoku.c:60:24: error: initialization of ‘Node *’ from ‘int’ makes pointer from integer without a cast [-Werror=int-conversion]
sudoku.c:68:24: error: initialization of ‘Node *’ from ‘int’ makes pointer from integer without a cast [-Werror=int-conversion]
   68 |       Node* adj_node = get_node(i, col);
      |                        ^~~~~~~~
sudoku.c:78:26: error: initialization of ‘Node *’ from ‘int’ makes pointer from integer without a cast [-Werror=int-conversion]
   78 |         Node* adj_node = get_node(i, j);
      |                          ^~~~~~~~
sudoku.c:59:8: error: ‘col’ is used uninitialized in this function [-Werror=uninitialized]
   59 |     if (i != col) {
      |        ^
sudoku.c:60:24: error: ‘fil’ may be used uninitialized in this function [-Werror=maybe-uninitialized]
   60 |       Node* adj_node = get_node(fil, i);
      |                        ^~~~~~~~~~~~~~~~
cc1: all warnings being treated as errors
Compilation failed
77f9456
Wed 03 May 2023 09:20:41 PM UTC: 
 sudoku.c | 4 ++--
 1 file changed, 2 insertions(+), 2 deletions(-)
In file included from test.c:5:
sudoku.c: In function ‘get_adj_nodes’:
sudoku.c:60:24: error: implicit declaration of function ‘get_node’ [-Werror=implicit-function-declaration]
   60 |       Node* adj_node = get_node(fil, i);
      |                        ^~~~~~~~
sudoku.c:60:24: error: initialization of ‘Node *’ from ‘int’ makes pointer from integer without a cast [-Werror=int-conversion]
sudoku.c:68:24: error: initialization of ‘Node *’ from ‘int’ makes pointer from integer without a cast [-Werror=int-conversion]
   68 |       Node* adj_node = get_node(i, col);
      |                        ^~~~~~~~
sudoku.c:78:26: error: initialization of ‘Node *’ from ‘int’ makes pointer from integer without a cast [-Werror=int-conversion]
   78 |         Node* adj_node = get_node(i, j);
      |                          ^~~~~~~~
sudoku.c:79:32: error: array subscript 9 is above array bounds of ‘int[9]’ [-Werror=array-bounds]
   79 |         if (adj_node->sudo[fil][col] == 0) {
      |             ~~~~~~~~~~~~~~~~~~~^~~~~
sudoku.c:69:30: error: array subscript 9 is above array bounds of ‘int[9]’ [-Werror=array-bounds]
   69 |       if (adj_node->sudo[fil][col] == 0) {
      |           ~~~~~~~~~~~~~~~~~~~^~~~~
sudoku.c:61:30: error: array subscript 9 is above array bounds of ‘int[9]’ [-Werror=array-bounds]
   61 |       if (adj_node->sudo[fil][col] == 0) {
      |           ~~~~~~~~~~~~~~~~~~~^~~~~
cc1: all warnings being treated as errors
Compilation failed
ab17eb2
Wed 03 May 2023 09:20:53 PM UTC: 
 sudoku.c | 4 ++--
 1 file changed, 2 insertions(+), 2 deletions(-)
In file included from test.c:5:
sudoku.c: In function ‘get_adj_nodes’:
sudoku.c:60:24: error: implicit declaration of function ‘get_node’ [-Werror=implicit-function-declaration]
   60 |       Node* adj_node = get_node(fil, i);
      |                        ^~~~~~~~
sudoku.c:60:24: error: initialization of ‘Node *’ from ‘int’ makes pointer from integer without a cast [-Werror=int-conversion]
sudoku.c:68:24: error: initialization of ‘Node *’ from ‘int’ makes pointer from integer without a cast [-Werror=int-conversion]
   68 |       Node* adj_node = get_node(i, col);
      |                        ^~~~~~~~
sudoku.c:78:26: error: initialization of ‘Node *’ from ‘int’ makes pointer from integer without a cast [-Werror=int-conversion]
   78 |         Node* adj_node = get_node(i, j);
      |                          ^~~~~~~~
cc1: all warnings being treated as errors
Compilation failed
ea24ea4
Wed 03 May 2023 09:22:04 PM UTC: 
 sudoku.c | 6 +++---
 1 file changed, 3 insertions(+), 3 deletions(-)
 tests:  0|5
total_score: 0/70
4035c8c
Wed 03 May 2023 09:29:30 PM UTC: 
 sudoku.c | 6 +++---
 1 file changed, 3 insertions(+), 3 deletions(-)
In file included from test.c:5:
sudoku.c: In function ‘get_adj_nodes’:
sudoku.c:60:32: error: too few arguments to function ‘calloc’
   60 |       Node* adj_node = (Node*) calloc(sizeof(Node));
      |                                ^~~~~~
In file included from test.c:2:
/nix/store/iwd8ic5hhwdxn5dga0im55g5hjl270cd-glibc-2.33-47-dev/include/stdlib.h:542:14: note: declared here
  542 | extern void *calloc (size_t __nmemb, size_t __size)
      |              ^~~~~~
In file included from test.c:5:
sudoku.c:68:32: error: too few arguments to function ‘calloc’
   68 |       Node* adj_node = (Node*) calloc(sizeof(Node));
      |                                ^~~~~~
In file included from test.c:2:
/nix/store/iwd8ic5hhwdxn5dga0im55g5hjl270cd-glibc-2.33-47-dev/include/stdlib.h:542:14: note: declared here
  542 | extern void *calloc (size_t __nmemb, size_t __size)
      |              ^~~~~~
In file included from test.c:5:
sudoku.c:78:34: error: too few arguments to function ‘calloc’
   78 |         Node* adj_node = (Node*) calloc(sizeof(Node));
      |                                  ^~~~~~
In file included from test.c:2:
/nix/store/iwd8ic5hhwdxn5dga0im55g5hjl270cd-glibc-2.33-47-dev/include/stdlib.h:542:14: note: declared here
  542 | extern void *calloc (size_t __nmemb, size_t __size)
      |              ^~~~~~
Compilation failed
c47c6e2
Wed 03 May 2023 09:29:42 PM UTC: 
 sudoku.c | 6 +++---
 1 file changed, 3 insertions(+), 3 deletions(-)
 tests:  0|5
total_score: 0/70
6756e10
Wed 03 May 2023 10:07:19 PM UTC: 
 sudoku.c | 37 +++++++++----------------------------
 1 file changed, 9 insertions(+), 28 deletions(-)
In file included from test.c:5:
sudoku.c: In function ‘get_adj_nodes’:
sudoku.c:56:8: error: ‘i’ undeclared (first use in this function)
   56 |   for (i = 0; i < 3; i++){
      |        ^
sudoku.c:56:8: note: each undeclared identifier is reported only once for each function it appears in
sudoku.c:57:10: error: ‘j’ undeclared (first use in this function)
   57 |     for (j = 0; j < 3; j++){
      |          ^
sudoku.c:60:23: error: assignment to expression with array type
   60 |         adjNode->sudo = n->sudo;
      |                       ^
sudoku.c:62:31: error: expected ‘;’ before ‘}’ token
   62 |         pushBack(list,adjNode)
      |                               ^
      |                               ;
   63 |       }
      |       ~                        
sudoku.c:54:12: error: unused variable ‘col’ [-Werror=unused-variable]
   54 |   int fil, col;
      |            ^~~
sudoku.c:54:7: error: unused variable ‘fil’ [-Werror=unused-variable]
   54 |   int fil, col;
      |       ^~~
cc1: all warnings being treated as errors
Compilation failed
3d17c48
Wed 03 May 2023 10:07:49 PM UTC: 
 sudoku.c | 8 ++++----
 1 file changed, 4 insertions(+), 4 deletions(-)
In file included from test.c:5:
sudoku.c: In function ‘get_adj_nodes’:
sudoku.c:60:23: error: assignment to expression with array type
   60 |         adjNode->sudo = n->sudo;
      |                       ^
sudoku.c:62:31: error: expected ‘;’ before ‘}’ token
   62 |         pushBack(list,adjNode)
      |                               ^
      |                               ;
   63 |       }
      |       ~                        
Compilation failed
88905cf
Wed 03 May 2023 10:08:00 PM UTC: 
 sudoku.c | 2 +-
 1 file changed, 1 insertion(+), 1 deletion(-)
In file included from test.c:5:
sudoku.c: In function ‘get_adj_nodes’:
sudoku.c:60:23: error: assignment to expression with array type
   60 |         adjNode->sudo = n->sudo;
      |                       ^
Compilation failed
c97b5c5
Wed 03 May 2023 10:09:44 PM UTC: 
 sudoku.c | 4 ++--
 1 file changed, 2 insertions(+), 2 deletions(-)
In file included from test.c:5:
sudoku.c: In function ‘get_adj_nodes’:
sudoku.c:60:23: error: assignment to expression with array type
   60 |         adjNode->sudo = n->sudo;
      |                       ^
Compilation failed
6c8e7cc
Wed 03 May 2023 10:11:47 PM UTC: 
 sudoku.c | 1 -
 1 file changed, 1 deletion(-)
In file included from test.c:5:
sudoku.c: In function ‘get_adj_nodes’:
sudoku.c:60:33: error: ‘nuevoMov’ may be used uninitialized in this function [-Werror=maybe-uninitialized]
   60 |         adjNode->sudo[fil][col] = nuevoMov;
      |         ~~~~~~~~~~~~~~~~~~~~~~~~^~~~~~~~~~
cc1: all warnings being treated as errors
Compilation failed
244b6ca
Wed 03 May 2023 10:12:10 PM UTC: 
 sudoku.c | 1 +
 1 file changed, 1 insertion(+)
In file included from test.c:5:
sudoku.c: In function ‘get_adj_nodes’:
sudoku.c:60:23: error: assignment to expression with array type
   60 |         adjNode->sudo = n->sudo;
      |                       ^
Compilation failed
55340fa
Wed 03 May 2023 10:23:32 PM UTC: 
 sudoku.c | 9 ++++++++-
 1 file changed, 8 insertions(+), 1 deletion(-)
In file included from test.c:5:
sudoku.c: In function ‘get_adj_nodes’:
sudoku.c:64:41: error: ‘nuevoMov’ may be used uninitialized in this function [-Werror=maybe-uninitialized]
   64 |                 adjNode->sudo[fil][col] = nuevoMov;
      |                 ~~~~~~~~~~~~~~~~~~~~~~~~^~~~~~~~~~
cc1: all warnings being treated as errors
Compilation failed
a3e20e1
Wed 03 May 2023 10:23:55 PM UTC: 
 sudoku.c | 1 -
 1 file changed, 1 deletion(-)
In file included from test.c:5:
sudoku.c: In function ‘get_adj_nodes’:
sudoku.c:55:7: error: unused variable ‘nuevoMov’ [-Werror=unused-variable]
   55 |   int nuevoMov;
      |       ^~~~~~~~
cc1: all warnings being treated as errors
Compilation failed
7a9a33b
Wed 03 May 2023 10:24:05 PM UTC: 
 sudoku.c | 1 -
 1 file changed, 1 deletion(-)
 tests:  0|5
total_score: 0/70
2ef688e
Wed 03 May 2023 10:31:18 PM UTC: 
 sudoku.c | 35 ++++++++++++++++++++++++++++++++---
 1 file changed, 32 insertions(+), 3 deletions(-)
In file included from test.c:5:
sudoku.c: In function ‘is_valid’:
sudoku.c:53:23: error: ‘BOARD_SIZE’ undeclared (first use in this function)
   53 |   for (int i = 0; i < BOARD_SIZE; i++) {
      |                       ^~~~~~~~~~
sudoku.c:53:23: note: each undeclared identifier is reported only once for each function it appears in
sudoku.c:65:30: error: ‘SUB_SIZE’ undeclared (first use in this function)
   65 |   int sub_row = row - (row % SUB_SIZE);
      |                              ^~~~~~~~
test.c: In function ‘test_isvalid’:
test.c:112:9: error: too few arguments to function ‘is_valid’
  112 |     if(!is_valid(initial)){
      |         ^~~~~~~~
In file included from test.c:5:
sudoku.c:51:5: note: declared here
   51 | int is_valid(Node* n, int row, int col, int num) {
      |     ^~~~~~~~
test.c:120:8: error: too few arguments to function ‘is_valid’
  120 |     if(is_valid(initial)){
      |        ^~~~~~~~
In file included from test.c:5:
sudoku.c:51:5: note: declared here
   51 | int is_valid(Node* n, int row, int col, int num) {
      |     ^~~~~~~~
test.c:131:8: error: too few arguments to function ‘is_valid’
  131 |     if(is_valid(initial)){
      |        ^~~~~~~~
In file included from test.c:5:
sudoku.c:51:5: note: declared here
   51 | int is_valid(Node* n, int row, int col, int num) {
      |     ^~~~~~~~
test.c:141:8: error: too few arguments to function ‘is_valid’
  141 |     if(is_valid(initial)){
      |        ^~~~~~~~
In file included from test.c:5:
sudoku.c:51:5: note: declared here
   51 | int is_valid(Node* n, int row, int col, int num) {
      |     ^~~~~~~~
test.c: In function ‘test_dfs’:
test.c:213:9: error: too few arguments to function ‘is_valid’
  213 |     if(!is_valid(final)){
      |         ^~~~~~~~
In file included from test.c:5:
sudoku.c:51:5: note: declared here
   51 | int is_valid(Node* n, int row, int col, int num) {
      |     ^~~~~~~~
Compilation failed
2cba1ce
Wed 03 May 2023 10:34:17 PM UTC: 
 sudoku.c | 10 +++++-----
 1 file changed, 5 insertions(+), 5 deletions(-)
 tests:  2|4
total_score: 15/70
00e2556
Wed 03 May 2023 11:08:45 PM UTC: 
 sudoku.c | 58 ++++++++++++++++++++++++++++++++++++++--------------------
 1 file changed, 38 insertions(+), 20 deletions(-)
In file included from test.c:5:
sudoku.c: In function ‘is_valid’:
sudoku.c:77:49: error: ‘SUB_SIZE’ undeclared (first use in this function)
   77 |   for (int sub_row = 0; sub_row < 9; sub_row += SUB_SIZE) {
      |                                                 ^~~~~~~~
sudoku.c:77:49: note: each undeclared identifier is reported only once for each function it appears in
sudoku.c:81:65: error: expected expression before ‘}’ token
   81 |         for (int col = sub_col; col < sub_col + SUB_SIZE; col++)}
      |                                                                 ^
sudoku.c:82:29: error: ‘row’ undeclared (first use in this function)
   82 |           int num = n->sudo[row][col];
      |                             ^~~
sudoku.c:82:34: error: ‘col’ undeclared (first use in this function)
   82 |           int num = n->sudo[row][col];
      |                                  ^~~
sudoku.c: At top level:
sudoku.c:93:3: error: expected identifier or ‘(’ before ‘}’ token
   93 |   }
      |   ^
sudoku.c:94:5: error: expected identifier or ‘(’ before ‘return’
   94 |     return 1;
      |     ^~~~~~
sudoku.c:95:1: error: expected identifier or ‘(’ before ‘}’ token
   95 | }
      | ^
sudoku.c: In function ‘is_valid’:
sudoku.c:92:5: error: control reaches end of non-void function [-Werror=return-type]
   92 |     }
      |     ^
cc1: all warnings being treated as errors
Compilation failed
545f65d
Wed 03 May 2023 11:20:04 PM UTC: 
 sudoku.c | 10 +++++-----
 1 file changed, 5 insertions(+), 5 deletions(-)
In file included from test.c:5:
sudoku.c:63:3: error: expected identifier or ‘(’ before ‘for’
   63 |   for (int col = 0; col < 9; col++) {
      |   ^~~
sudoku.c:63:25: error: expected ‘=’, ‘,’, ‘;’, ‘asm’ or ‘__attribute__’ before ‘<’ token
   63 |   for (int col = 0; col < 9; col++) {
      |                         ^
sudoku.c:63:33: error: expected ‘=’, ‘,’, ‘;’, ‘asm’ or ‘__attribute__’ before ‘++’ token
   63 |   for (int col = 0; col < 9; col++) {
      |                                 ^~
sudoku.c:77:3: error: expected identifier or ‘(’ before ‘for’
   77 |   for (int i = 0; i < 9; i += 3) {
      |   ^~~
sudoku.c:77:21: error: expected ‘=’, ‘,’, ‘;’, ‘asm’ or ‘__attribute__’ before ‘<’ token
   77 |   for (int i = 0; i < 9; i += 3) {
      |                     ^
sudoku.c:77:28: error: expected ‘=’, ‘,’, ‘;’, ‘asm’ or ‘__attribute__’ before ‘+=’ token
   77 |   for (int i = 0; i < 9; i += 3) {
      |                            ^~
sudoku.c:96:3: error: expected identifier or ‘(’ before ‘return’
   96 |   return 1;
      |   ^~~~~~
sudoku.c:97:1: error: expected identifier or ‘(’ before ‘}’ token
   97 | }
      | ^
sudoku.c: In function ‘is_valid’:
sudoku.c:61:3: error: control reaches end of non-void function [-Werror=return-type]
   61 |   }
      |   ^
cc1: all warnings being treated as errors
Compilation failed
025fe3d
Wed 03 May 2023 11:20:34 PM UTC: 
 sudoku.c | 1 -
 1 file changed, 1 deletion(-)
 tests:  5|3
total_score: 35/70
5488747
